<?xml version="1.0" encoding="UTF-8"?>
<!-- Generated by org.testng.reporters.JUnitXMLReporter -->
<testsuite ignored="2" hostname="LAPTOP-0TPP3JPD" failures="1" tests="1" name="Test" time="5.7" errors="0" timestamp="2021-12-17T00:08:45 GMT">
  <testcase classname="FrameWork_TestCase.Test_CRUKDonation_PageObject" name="CRUK_PO_PF_Donation_ValidateTitle" time="0.037">
    <failure type="java.lang.AssertionError" message="expected [ Evoco Technical Test ] but found [Evoco Technical Test]">
      <![CDATA[java.lang.AssertionError: expected [ Evoco Technical Test ] but found [Evoco Technical Test]
at FrameWork_TestCase.Test_CRUKDonation_PageObject.CRUK_PO_PF_Donation_ValidateTitle(Test_CRUKDonation_PageObject.java:45)
at java.base/java.util.ArrayList.forEach(ArrayList.java:1511)
... Removed 33 stack frames]]>
    </failure>
  </testcase> <!-- CRUK_PO_PF_Donation_ValidateTitle -->
  <testcase classname="FrameWork_TestCase.Test_CRUKDonation_PageObject" name="CRUK_PO_PF_Donation_Someoneelsemoney" time="0.0">
    <ignored/>
  </testcase> <!-- CRUK_PO_PF_Donation_Someoneelsemoney -->
  <testcase classname="FrameWork_TestCase.Test_CRUKDonation_PageObject" name="CRUK_PO_PF_Donation_OwnMoney_Otheramount" time="0.0">
    <ignored/>
  </testcase> <!-- CRUK_PO_PF_Donation_OwnMoney_Otheramount -->
</testsuite> <!-- Test -->
